<?xml version="1.0" encoding="UTF-8"?>
<testsuite xmlns:xsi="http://www.w3.org/2001/XMLSchema-instance" xsi:noNamespaceSchemaLocation="https://maven.apache.org/surefire/maven-surefire-plugin/xsd/surefire-test-report.xsd" name="TestSuite" time="196.811" tests="7" errors="0" skipped="0" failures="3">
  <properties>
[...]
</properties>
  <testcase name="runScenario" classname="com.project6.TestRunner" time="33.26"/>
  <testcase name="runScenario" classname="com.project6.TestRunner" time="29.913">
    <failure message="Unable to locate element: //*[local-name()=&apos;svg&apos; and contains(@class, &apos;feather-more-vertical&apos;)]&#10;For documentation on this error, please visit: https://www.selenium.dev/documentation/webdriver/troubleshooting/errors#nosuchelementexception&#10;Build info: version: &apos;4.41.0&apos;, revision: &apos;9fc754f&apos;&#10;System info: os.name: &apos;Windows 11&apos;, os.arch: &apos;amd64&apos;, os.version: &apos;10.0&apos;, java.version: &apos;25.0.2&apos;&#10;Driver info: org.openqa.selenium.firefox.FirefoxDriver&#10;Command: [ac8a884f-0dac-428b-a411-99c4121ea085, findElement {using=xpath, value=//*[local-name()=&apos;svg&apos; and contains(@class, &apos;feather-more-vertical&apos;)]}]&#10;Capabilities {acceptInsecureCerts: true, browserName: firefox, browserVersion: 150.0.1, moz:accessibilityChecks: false, moz:buildID: 20260427013024, moz:geckodriverVersion: 0.36.0, moz:headless: false, moz:platformVersion: 10.0, moz:processID: 15140, moz:profile: C:\Users\elang\AppData\Loca..., moz:shutdownTimeout: 60000, moz:webdriverClick: true, moz:windowless: false, pageLoadStrategy: normal, platformName: windows, proxy: Proxy(), setWindowRect: true, strictFileInteractability: false, timeouts: {implicit: 0, pageLoad: 300000, script: 30000}, unhandledPromptBehavior: dismiss and notify, userAgent: Mozilla/5.0 (Windows NT 10....}&#10;Session ID: ac8a884f-0dac-428b-a411-99c4121ea085" type="org.openqa.selenium.NoSuchElementException">org.openqa.selenium.NoSuchElementException: 
Unable to locate element: //*[local-name()='svg' and contains(@class, 'feather-more-vertical')]
For documentation on this error, please visit: https://www.selenium.dev/documentation/webdriver/troubleshooting/errors#nosuchelementexception
Build info: version: '4.41.0', revision: '9fc754f'
System info: os.name: 'Windows 11', os.arch: 'amd64', os.version: '10.0', java.version: '25.0.2'
Driver info: org.openqa.selenium.firefox.FirefoxDriver
Command: [ac8a884f-0dac-428b-a411-99c4121ea085, findElement {using=xpath, value=//*[local-name()='svg' and contains(@class, 'feather-more-vertical')]}]
Capabilities {acceptInsecureCerts: true, browserName: firefox, browserVersion: 150.0.1, moz:accessibilityChecks: false, moz:buildID: 20260427013024, moz:geckodriverVersion: 0.36.0, moz:headless: false, moz:platformVersion: 10.0, moz:processID: 15140, moz:profile: C:\Users\elang\AppData\Loca..., moz:shutdownTimeout: 60000, moz:webdriverClick: true, moz:windowless: false, pageLoadStrategy: normal, platformName: windows, proxy: Proxy(), setWindowRect: true, strictFileInteractability: false, timeouts: {implicit: 0, pageLoad: 300000, script: 30000}, unhandledPromptBehavior: dismiss and notify, userAgent: Mozilla/5.0 (Windows NT 10....}
Session ID: ac8a884f-0dac-428b-a411-99c4121ea085
</failure>
    <system-out><![CDATA[
&amp#27;[1mScenario:&amp#27;[22m Edit Divisi                                   &amp#27;[90m# src/main/java/com/project6/features/03Divisi.feature:7&amp#27;[39m
  &amp#27;[32m✔&amp#27;[39m &amp#27;[32m&amp#27;[1mWhen &amp#27;[22mUser search divisi dengan nama &amp#27;[1m"ASP"&amp#27;[22m&amp#27;[39m           &amp#27;[90m# com.project6.DivisiTest.user_search_divisi_dengan_nama(java.lang.String)&amp#27;[39m
  &amp#27;[31m✘&amp#27;[39m &amp#27;[31m&amp#27;[1mAnd &amp#27;[22mUser klik tombol more vertical pada data divisi&amp#27;[39m &amp#27;[90m# com.project6.DivisiTest.user_klik_tombol_more_vertical_pada_data_divisi()&amp#27;[39m
        &amp#27;[31morg.openqa.selenium.NoSuchElementException: Unable to locate element: //*[local-name()='svg' and contains(@class, 'feather-more-vertical')]&amp#27;[39m
        &amp#27;[31mFor documentation on this error, please visit: https://www.selenium.dev/documentation/webdriver/troubleshooting/errors#nosuchelementexception&amp#27;[39m
        &amp#27;[31mBuild info: version: '4.41.0', revision: '9fc754f'&amp#27;[39m
        &amp#27;[31mSystem info: os.name: 'Windows 11', os.arch: 'amd64', os.version: '10.0', java.version: '25.0.2'&amp#27;[39m
        &amp#27;[31mDriver info: org.openqa.selenium.firefox.FirefoxDriver&amp#27;[39m
        &amp#27;[31mCommand: [ac8a884f-0dac-428b-a411-99c4121ea085, findElement {using=xpath, value=//*[local-name()='svg' and contains(@class, 'feather-more-vertical')]}]&amp#27;[39m
        &amp#27;[31mCapabilities {acceptInsecureCerts: true, browserName: firefox, browserVersion: 150.0.1, moz:accessibilityChecks: false, moz:buildID: 20260427013024, moz:geckodriverVersion: 0.36.0, moz:headless: false, moz:platformVersion: 10.0, moz:processID: 15140, moz:profile: C:\Users\elang\AppData\Loca..., moz:shutdownTimeout: 60000, moz:webdriverClick: true, moz:windowless: false, pageLoadStrategy: normal, platformName: windows, proxy: Proxy(), setWindowRect: true, strictFileInteractability: false, timeouts: {implicit: 0, pageLoad: 300000, script: 30000}, unhandledPromptBehavior: dismiss and notify, userAgent: Mozilla/5.0 (Windows NT 10....}&amp#27;[39m
        &amp#27;[31mSession ID: ac8a884f-0dac-428b-a411-99c4121ea085&amp#27;[39m
        &amp#27;[31m	at org.openqa.selenium.remote.ErrorCodec.decode(ErrorCodec.java:169)&amp#27;[39m
        &amp#27;[31m	at org.openqa.selenium.remote.codec.w3c.W3CHttpResponseCodec.decode(W3CHttpResponseCodec.java:142)&amp#27;[39m
        &amp#27;[31m	at org.openqa.selenium.remote.codec.w3c.W3CHttpResponseCodec.decode(W3CHttpResponseCodec.java:49)&amp#27;[39m
        &amp#27;[31m	at org.openqa.selenium.remote.HttpCommandExecutor.execute(HttpCommandExecutor.java:223)&amp#27;[39m
        &amp#27;[31m	at org.openqa.selenium.remote.service.DriverCommandExecutor.invokeExecute(DriverCommandExecutor.java:216)&amp#27;[39m
        &amp#27;[31m	at org.openqa.selenium.remote.service.DriverCommandExecutor.execute(DriverCommandExecutor.java:174)&amp#27;[39m
        &amp#27;[31m	at org.openqa.selenium.remote.RemoteWebDriver.execute(RemoteWebDriver.java:604)&amp#27;[39m
        &amp#27;[31m	at org.openqa.selenium.remote.ElementLocation$ElementFinder$2.findElement(ElementLocation.java:166)&amp#27;[39m
        &amp#27;[31m	at org.openqa.selenium.remote.ElementLocation.findElement(ElementLocation.java:60)&amp#27;[39m
        &amp#27;[31m	at org.openqa.selenium.remote.RemoteWebDriver.findElement(RemoteWebDriver.java:427)&amp#27;[39m
        &amp#27;[31m	at org.openqa.selenium.remote.RemoteWebDriver.findElement(RemoteWebDriver.java:421)&amp#27;[39m
        &amp#27;[31m	at org.openqa.selenium.support.pagefactory.DefaultElementLocator.findElement(DefaultElementLocator.java:68)&amp#27;[39m
        &amp#27;[31m	at org.openqa.selenium.support.pagefactory.internal.LocatingElementHandler.invoke(LocatingElementHandler.java:38)&amp#27;[39m
        &amp#27;[31m	at jdk.proxy2/jdk.proxy2.$Proxy21.click(Unknown Source)&amp#27;[39m
        &amp#27;[31m	at com.project6.pages.Divisi.ClickButtonMoreVerticalDivisi(Divisi.java:92)&amp#27;[39m
        &amp#27;[31m	at com.project6.DivisiTest.user_klik_tombol_more_vertical_pada_data_divisi(DivisiTest.java:91)&amp#27;[39m
        &amp#27;[31m	at ✽.User klik tombol more vertical pada data divisi(file:///C:/Users/elang/Real-Project-Absensi/src/main/java/com/project6/features/03Divisi.feature:9)&amp#27;[39m
  &amp#27;[36m↷&amp#27;[39m &amp#27;[36m&amp#27;[1mAnd &amp#27;[22mUser klik tombol edit pada data divisi&amp#27;[39m          &amp#27;[90m# com.project6.DivisiTest.user_klik_tombol_edit_pada_data_divisi()&amp#27;[39m
  &amp#27;[36m↷&amp#27;[39m &amp#27;[36m&amp#27;[1mThen &amp#27;[22mUser edit nama divisi menjadi &amp#27;[1m"IT ASP"&amp#27;[22m&amp#27;[39m         &amp#27;[90m# com.project6.DivisiTest.user_edit_nama_divisi_menjadi_dan_search_dengan_nama(java.lang.String)&amp#27;[39m
]]></system-out>
  </testcase>
  <testcase name="runScenario" classname="com.project6.TestRunner" time="29.866">
    <failure message="Unable to locate element: //*[local-name()=&apos;svg&apos; and contains(@class, &apos;feather-more-vertical&apos;)]&#10;For documentation on this error, please visit: https://www.selenium.dev/documentation/webdriver/troubleshooting/errors#nosuchelementexception&#10;Build info: version: &apos;4.41.0&apos;, revision: &apos;9fc754f&apos;&#10;System info: os.name: &apos;Windows 11&apos;, os.arch: &apos;amd64&apos;, os.version: &apos;10.0&apos;, java.version: &apos;25.0.2&apos;&#10;Driver info: org.openqa.selenium.firefox.FirefoxDriver&#10;Command: [ac8a884f-0dac-428b-a411-99c4121ea085, findElement {using=xpath, value=//*[local-name()=&apos;svg&apos; and contains(@class, &apos;feather-more-vertical&apos;)]}]&#10;Capabilities {acceptInsecureCerts: true, browserName: firefox, browserVersion: 150.0.1, moz:accessibilityChecks: false, moz:buildID: 20260427013024, moz:geckodriverVersion: 0.36.0, moz:headless: false, moz:platformVersion: 10.0, moz:processID: 15140, moz:profile: C:\Users\elang\AppData\Loca..., moz:shutdownTimeout: 60000, moz:webdriverClick: true, moz:windowless: false, pageLoadStrategy: normal, platformName: windows, proxy: Proxy(), setWindowRect: true, strictFileInteractability: false, timeouts: {implicit: 0, pageLoad: 300000, script: 30000}, unhandledPromptBehavior: dismiss and notify, userAgent: Mozilla/5.0 (Windows NT 10....}&#10;Session ID: ac8a884f-0dac-428b-a411-99c4121ea085" type="org.openqa.selenium.NoSuchElementException">org.openqa.selenium.NoSuchElementException: 
Unable to locate element: //*[local-name()='svg' and contains(@class, 'feather-more-vertical')]
For documentation on this error, please visit: https://www.selenium.dev/documentation/webdriver/troubleshooting/errors#nosuchelementexception
Build info: version: '4.41.0', revision: '9fc754f'
System info: os.name: 'Windows 11', os.arch: 'amd64', os.version: '10.0', java.version: '25.0.2'
Driver info: org.openqa.selenium.firefox.FirefoxDriver
Command: [ac8a884f-0dac-428b-a411-99c4121ea085, findElement {using=xpath, value=//*[local-name()='svg' and contains(@class, 'feather-more-vertical')]}]
Capabilities {acceptInsecureCerts: true, browserName: firefox, browserVersion: 150.0.1, moz:accessibilityChecks: false, moz:buildID: 20260427013024, moz:geckodriverVersion: 0.36.0, moz:headless: false, moz:platformVersion: 10.0, moz:processID: 15140, moz:profile: C:\Users\elang\AppData\Loca..., moz:shutdownTimeout: 60000, moz:webdriverClick: true, moz:windowless: false, pageLoadStrategy: normal, platformName: windows, proxy: Proxy(), setWindowRect: true, strictFileInteractability: false, timeouts: {implicit: 0, pageLoad: 300000, script: 30000}, unhandledPromptBehavior: dismiss and notify, userAgent: Mozilla/5.0 (Windows NT 10....}
Session ID: ac8a884f-0dac-428b-a411-99c4121ea085
</failure>
    <system-out><![CDATA[
&amp#27;[1mScenario:&amp#27;[22m Edit Divisi Kosongkan                         &amp#27;[90m# src/main/java/com/project6/features/03Divisi.feature:13&amp#27;[39m
  &amp#27;[32m✔&amp#27;[39m &amp#27;[32m&amp#27;[1mWhen &amp#27;[22mUser search divisi dengan nama &amp#27;[1m"IT ASP"&amp#27;[22m&amp#27;[39m        &amp#27;[90m# com.project6.DivisiTest.user_search_divisi_dengan_nama(java.lang.String)&amp#27;[39m
  &amp#27;[31m✘&amp#27;[39m &amp#27;[31m&amp#27;[1mAnd &amp#27;[22mUser klik tombol more vertical pada data divisi&amp#27;[39m &amp#27;[90m# com.project6.DivisiTest.user_klik_tombol_more_vertical_pada_data_divisi()&amp#27;[39m
        &amp#27;[31morg.openqa.selenium.NoSuchElementException: Unable to locate element: //*[local-name()='svg' and contains(@class, 'feather-more-vertical')]&amp#27;[39m
        &amp#27;[31mFor documentation on this error, please visit: https://www.selenium.dev/documentation/webdriver/troubleshooting/errors#nosuchelementexception&amp#27;[39m
        &amp#27;[31mBuild info: version: '4.41.0', revision: '9fc754f'&amp#27;[39m
        &amp#27;[31mSystem info: os.name: 'Windows 11', os.arch: 'amd64', os.version: '10.0', java.version: '25.0.2'&amp#27;[39m
        &amp#27;[31mDriver info: org.openqa.selenium.firefox.FirefoxDriver&amp#27;[39m
        &amp#27;[31mCommand: [ac8a884f-0dac-428b-a411-99c4121ea085, findElement {using=xpath, value=//*[local-name()='svg' and contains(@class, 'feather-more-vertical')]}]&amp#27;[39m
        &amp#27;[31mCapabilities {acceptInsecureCerts: true, browserName: firefox, browserVersion: 150.0.1, moz:accessibilityChecks: false, moz:buildID: 20260427013024, moz:geckodriverVersion: 0.36.0, moz:headless: false, moz:platformVersion: 10.0, moz:processID: 15140, moz:profile: C:\Users\elang\AppData\Loca..., moz:shutdownTimeout: 60000, moz:webdriverClick: true, moz:windowless: false, pageLoadStrategy: normal, platformName: windows, proxy: Proxy(), setWindowRect: true, strictFileInteractability: false, timeouts: {implicit: 0, pageLoad: 300000, script: 30000}, unhandledPromptBehavior: dismiss and notify, userAgent: Mozilla/5.0 (Windows NT 10....}&amp#27;[39m
        &amp#27;[31mSession ID: ac8a884f-0dac-428b-a411-99c4121ea085&amp#27;[39m
        &amp#27;[31m	at org.openqa.selenium.remote.ErrorCodec.decode(ErrorCodec.java:169)&amp#27;[39m
        &amp#27;[31m	at org.openqa.selenium.remote.codec.w3c.W3CHttpResponseCodec.decode(W3CHttpResponseCodec.java:142)&amp#27;[39m
        &amp#27;[31m	at org.openqa.selenium.remote.codec.w3c.W3CHttpResponseCodec.decode(W3CHttpResponseCodec.java:49)&amp#27;[39m
        &amp#27;[31m	at org.openqa.selenium.remote.HttpCommandExecutor.execute(HttpCommandExecutor.java:223)&amp#27;[39m
        &amp#27;[31m	at org.openqa.selenium.remote.service.DriverCommandExecutor.invokeExecute(DriverCommandExecutor.java:216)&amp#27;[39m
        &amp#27;[31m	at org.openqa.selenium.remote.service.DriverCommandExecutor.execute(DriverCommandExecutor.java:174)&amp#27;[39m
        &amp#27;[31m	at org.openqa.selenium.remote.RemoteWebDriver.execute(RemoteWebDriver.java:604)&amp#27;[39m
        &amp#27;[31m	at org.openqa.selenium.remote.ElementLocation$ElementFinder$2.findElement(ElementLocation.java:166)&amp#27;[39m
        &amp#27;[31m	at org.openqa.selenium.remote.ElementLocation.findElement(ElementLocation.java:60)&amp#27;[39m
        &amp#27;[31m	at org.openqa.selenium.remote.RemoteWebDriver.findElement(RemoteWebDriver.java:427)&amp#27;[39m
        &amp#27;[31m	at org.openqa.selenium.remote.RemoteWebDriver.findElement(RemoteWebDriver.java:421)&amp#27;[39m
        &amp#27;[31m	at org.openqa.selenium.support.pagefactory.DefaultElementLocator.findElement(DefaultElementLocator.java:68)&amp#27;[39m
        &amp#27;[31m	at org.openqa.selenium.support.pagefactory.internal.LocatingElementHandler.invoke(LocatingElementHandler.java:38)&amp#27;[39m
        &amp#27;[31m	at jdk.proxy2/jdk.proxy2.$Proxy21.click(Unknown Source)&amp#27;[39m
        &amp#27;[31m	at com.project6.pages.Divisi.ClickButtonMoreVerticalDivisi(Divisi.java:92)&amp#27;[39m
        &amp#27;[31m	at com.project6.DivisiTest.user_klik_tombol_more_vertical_pada_data_divisi(DivisiTest.java:91)&amp#27;[39m
        &amp#27;[31m	at ✽.User klik tombol more vertical pada data divisi(file:///C:/Users/elang/Real-Project-Absensi/src/main/java/com/project6/features/03Divisi.feature:15)&amp#27;[39m
  &amp#27;[36m↷&amp#27;[39m &amp#27;[36m&amp#27;[1mAnd &amp#27;[22mUser klik tombol edit pada data divisi&amp#27;[39m          &amp#27;[90m# com.project6.DivisiTest.user_klik_tombol_edit_pada_data_divisi()&amp#27;[39m
  &amp#27;[36m↷&amp#27;[39m &amp#27;[36m&amp#27;[1mThen &amp#27;[22mUser Tidak Menambahkan Data nama divisi &amp#27;[1m""&amp#27;[22m&amp#27;[39m     &amp#27;[90m# com.project6.DivisiTest.user_tidak_menambahkan_data_nama_divisi(java.lang.String)&amp#27;[39m
]]></system-out>
  </testcase>
  <testcase name="runScenario" classname="com.project6.TestRunner" time="16.166">
    <failure message="Unable to locate element: //*[local-name()=&apos;svg&apos; and contains(@class, &apos;feather-more-vertical&apos;)]&#10;For documentation on this error, please visit: https://www.selenium.dev/documentation/webdriver/troubleshooting/errors#nosuchelementexception&#10;Build info: version: &apos;4.41.0&apos;, revision: &apos;9fc754f&apos;&#10;System info: os.name: &apos;Windows 11&apos;, os.arch: &apos;amd64&apos;, os.version: &apos;10.0&apos;, java.version: &apos;25.0.2&apos;&#10;Driver info: org.openqa.selenium.firefox.FirefoxDriver&#10;Command: [ac8a884f-0dac-428b-a411-99c4121ea085, findElement {using=xpath, value=//*[local-name()=&apos;svg&apos; and contains(@class, &apos;feather-more-vertical&apos;)]}]&#10;Capabilities {acceptInsecureCerts: true, browserName: firefox, browserVersion: 150.0.1, moz:accessibilityChecks: false, moz:buildID: 20260427013024, moz:geckodriverVersion: 0.36.0, moz:headless: false, moz:platformVersion: 10.0, moz:processID: 15140, moz:profile: C:\Users\elang\AppData\Loca..., moz:shutdownTimeout: 60000, moz:webdriverClick: true, moz:windowless: false, pageLoadStrategy: normal, platformName: windows, proxy: Proxy(), setWindowRect: true, strictFileInteractability: false, timeouts: {implicit: 0, pageLoad: 300000, script: 30000}, unhandledPromptBehavior: dismiss and notify, userAgent: Mozilla/5.0 (Windows NT 10....}&#10;Session ID: ac8a884f-0dac-428b-a411-99c4121ea085" type="org.openqa.selenium.NoSuchElementException">org.openqa.selenium.NoSuchElementException: 
Unable to locate element: //*[local-name()='svg' and contains(@class, 'feather-more-vertical')]
For documentation on this error, please visit: https://www.selenium.dev/documentation/webdriver/troubleshooting/errors#nosuchelementexception
Build info: version: '4.41.0', revision: '9fc754f'
System info: os.name: 'Windows 11', os.arch: 'amd64', os.version: '10.0', java.version: '25.0.2'
Driver info: org.openqa.selenium.firefox.FirefoxDriver
Command: [ac8a884f-0dac-428b-a411-99c4121ea085, findElement {using=xpath, value=//*[local-name()='svg' and contains(@class, 'feather-more-vertical')]}]
Capabilities {acceptInsecureCerts: true, browserName: firefox, browserVersion: 150.0.1, moz:accessibilityChecks: false, moz:buildID: 20260427013024, moz:geckodriverVersion: 0.36.0, moz:headless: false, moz:platformVersion: 10.0, moz:processID: 15140, moz:profile: C:\Users\elang\AppData\Loca..., moz:shutdownTimeout: 60000, moz:webdriverClick: true, moz:windowless: false, pageLoadStrategy: normal, platformName: windows, proxy: Proxy(), setWindowRect: true, strictFileInteractability: false, timeouts: {implicit: 0, pageLoad: 300000, script: 30000}, unhandledPromptBehavior: dismiss and notify, userAgent: Mozilla/5.0 (Windows NT 10....}
Session ID: ac8a884f-0dac-428b-a411-99c4121ea085
</failure>
    <system-out><![CDATA[
&amp#27;[1mScenario:&amp#27;[22m Delete Divisi                                                 &amp#27;[90m# src/main/java/com/project6/features/03Divisi.feature:19&amp#27;[39m
  &amp#27;[32m✔&amp#27;[39m &amp#27;[32m&amp#27;[1mWhen &amp#27;[22mUser search divisi dengan nama baru &amp#27;[1m"IT ASP"&amp#27;[22m&amp#27;[39m                   &amp#27;[90m# com.project6.DivisiTest.user_search_divisi_dengan_nama_baru(java.lang.String)&amp#27;[39m
  &amp#27;[31m✘&amp#27;[39m &amp#27;[31m&amp#27;[1mAnd &amp#27;[22mUser klik tombol more vertical pada data divisi untuk menghapus&amp#27;[39m &amp#27;[90m# com.project6.DivisiTest.user_klik_tombol_more_vertical_pada_data_divisi_untuk_menghapus()&amp#27;[39m
        &amp#27;[31morg.openqa.selenium.NoSuchElementException: Unable to locate element: //*[local-name()='svg' and contains(@class, 'feather-more-vertical')]&amp#27;[39m
        &amp#27;[31mFor documentation on this error, please visit: https://www.selenium.dev/documentation/webdriver/troubleshooting/errors#nosuchelementexception&amp#27;[39m
        &amp#27;[31mBuild info: version: '4.41.0', revision: '9fc754f'&amp#27;[39m
        &amp#27;[31mSystem info: os.name: 'Windows 11', os.arch: 'amd64', os.version: '10.0', java.version: '25.0.2'&amp#27;[39m
        &amp#27;[31mDriver info: org.openqa.selenium.firefox.FirefoxDriver&amp#27;[39m
        &amp#27;[31mCommand: [ac8a884f-0dac-428b-a411-99c4121ea085, findElement {using=xpath, value=//*[local-name()='svg' and contains(@class, 'feather-more-vertical')]}]&amp#27;[39m
        &amp#27;[31mCapabilities {acceptInsecureCerts: true, browserName: firefox, browserVersion: 150.0.1, moz:accessibilityChecks: false, moz:buildID: 20260427013024, moz:geckodriverVersion: 0.36.0, moz:headless: false, moz:platformVersion: 10.0, moz:processID: 15140, moz:profile: C:\Users\elang\AppData\Loca..., moz:shutdownTimeout: 60000, moz:webdriverClick: true, moz:windowless: false, pageLoadStrategy: normal, platformName: windows, proxy: Proxy(), setWindowRect: true, strictFileInteractability: false, timeouts: {implicit: 0, pageLoad: 300000, script: 30000}, unhandledPromptBehavior: dismiss and notify, userAgent: Mozilla/5.0 (Windows NT 10....}&amp#27;[39m
        &amp#27;[31mSession ID: ac8a884f-0dac-428b-a411-99c4121ea085&amp#27;[39m
        &amp#27;[31m	at org.openqa.selenium.remote.ErrorCodec.decode(ErrorCodec.java:169)&amp#27;[39m
        &amp#27;[31m	at org.openqa.selenium.remote.codec.w3c.W3CHttpResponseCodec.decode(W3CHttpResponseCodec.java:142)&amp#27;[39m
        &amp#27;[31m	at org.openqa.selenium.remote.codec.w3c.W3CHttpResponseCodec.decode(W3CHttpResponseCodec.java:49)&amp#27;[39m
        &amp#27;[31m	at org.openqa.selenium.remote.HttpCommandExecutor.execute(HttpCommandExecutor.java:223)&amp#27;[39m
        &amp#27;[31m	at org.openqa.selenium.remote.service.DriverCommandExecutor.invokeExecute(DriverCommandExecutor.java:216)&amp#27;[39m
        &amp#27;[31m	at org.openqa.selenium.remote.service.DriverCommandExecutor.execute(DriverCommandExecutor.java:174)&amp#27;[39m
        &amp#27;[31m	at org.openqa.selenium.remote.RemoteWebDriver.execute(RemoteWebDriver.java:604)&amp#27;[39m
        &amp#27;[31m	at org.openqa.selenium.remote.ElementLocation$ElementFinder$2.findElement(ElementLocation.java:166)&amp#27;[39m
        &amp#27;[31m	at org.openqa.selenium.remote.ElementLocation.findElement(ElementLocation.java:60)&amp#27;[39m
        &amp#27;[31m	at org.openqa.selenium.remote.RemoteWebDriver.findElement(RemoteWebDriver.java:427)&amp#27;[39m
        &amp#27;[31m	at org.openqa.selenium.remote.RemoteWebDriver.findElement(RemoteWebDriver.java:421)&amp#27;[39m
        &amp#27;[31m	at org.openqa.selenium.support.pagefactory.DefaultElementLocator.findElement(DefaultElementLocator.java:68)&amp#27;[39m
        &amp#27;[31m	at org.openqa.selenium.support.pagefactory.internal.LocatingElementHandler.invoke(LocatingElementHandler.java:38)&amp#27;[39m
        &amp#27;[31m	at jdk.proxy2/jdk.proxy2.$Proxy21.click(Unknown Source)&amp#27;[39m
        &amp#27;[31m	at com.project6.pages.Divisi.ClickButtonMoreVerticalDivisi(Divisi.java:92)&amp#27;[39m
        &amp#27;[31m	at com.project6.DivisiTest.user_klik_tombol_more_vertical_pada_data_divisi_untuk_menghapus(DivisiTest.java:151)&amp#27;[39m
        &amp#27;[31m	at ✽.User klik tombol more vertical pada data divisi untuk menghapus(file:///C:/Users/elang/Real-Project-Absensi/src/main/java/com/project6/features/03Divisi.feature:21)&amp#27;[39m
  &amp#27;[36m↷&amp#27;[39m &amp#27;[36m&amp#27;[1mThen &amp#27;[22mUser klik tombol delete pada data divisi&amp#27;[39m                       &amp#27;[90m# com.project6.DivisiTest.user_klik_tombol_delete_pada_data_divisi()&amp#27;[39m
]]></system-out>
  </testcase>
  <testcase name="runScenario" classname="com.project6.TestRunner" time="23.465"/>
  <testcase name="runScenario" classname="com.project6.TestRunner" time="11.195"/>
  <testcase name="runScenario" classname="com.project6.TestRunner" time="36.018"/>
</testsuite>