<?xml version="1.0" encoding="UTF-8"?>
<testng-results ignored="0" total="41" passed="41" failed="0" skipped="0">
  <reporter-output>
  </reporter-output>
  <suite started-at="2026-05-07T14:40:39 WIB" name="Surefire suite" finished-at="2026-05-07T14:46:05 WIB" duration-ms="326814">
    <groups>
      <group name="cucumber">
        <method signature="AbstractTestNGCucumberTests.runScenario(io.cucumber.testng.PickleWrapper,io.cucumber.testng.FeatureWrapper)[pri:0, instance:com.project6.TestRunner@4f638935]" name="runScenario" class="io.cucumber.testng.AbstractTestNGCucumberTests"/>
      </group> <!-- cucumber -->
    </groups>
    <test started-at="2026-05-07T14:40:39 WIB" name="Surefire test" finished-at="2026-05-07T14:46:05 WIB" duration-ms="326814">
      <class name="com.project6.TestRunner">
        <test-method is-config="true" signature="setUpClass(org.testng.ITestContext)[pri:0, instance:com.project6.TestRunner@4f638935]" started-at="2026-05-07T14:40:39 WIB" name="setUpClass" finished-at="2026-05-07T14:40:41 WIB" duration-ms="2404" status="PASS">
          <params>
            <param index="0">
              <value>
                <![CDATA[org.testng.TestRunner@6d0a4a22]]>
              </value>
            </param>
          </params>
          <reporter-output>
          </reporter-output>
        </test-method> <!-- setUpClass -->
        <test-method signature="runScenario(io.cucumber.testng.PickleWrapper,io.cucumber.testng.FeatureWrapper)[pri:0, instance:com.project6.TestRunner@4f638935]" started-at="2026-05-07T14:40:41 WIB" name="runScenario" description="Runs Cucumber Scenarios" data-provider="scenarios" finished-at="2026-05-07T14:40:43 WIB" duration-ms="1869" status="PASS">
          <params>
            <param index="0">
              <value>
                <![CDATA["Add new Jabatan"]]>
              </value>
            </param>
            <param index="1">
              <value>
                <![CDATA["Manage Jabatan"]]>
              </value>
            </param>
          </params>
          <reporter-output>
          </reporter-output>
        </test-method> <!-- runScenario -->
        <test-method signature="runScenario(io.cucumber.testng.PickleWrapper,io.cucumber.testng.FeatureWrapper)[pri:0, instance:com.project6.TestRunner@4f638935]" started-at="2026-05-07T14:40:43 WIB" name="runScenario" description="Runs Cucumber Scenarios" data-provider="scenarios" finished-at="2026-05-07T14:40:47 WIB" duration-ms="3753" status="PASS">
          <params>
            <param index="0">
              <value>
                <![CDATA["Edit Jabatan"]]>
              </value>
            </param>
            <param index="1">
              <value>
                <![CDATA["Manage Jabatan"]]>
              </value>
            </param>
          </params>
          <reporter-output>
          </reporter-output>
        </test-method> <!-- runScenario -->
        <test-method signature="runScenario(io.cucumber.testng.PickleWrapper,io.cucumber.testng.FeatureWrapper)[pri:0, instance:com.project6.TestRunner@4f638935]" started-at="2026-05-07T14:40:47 WIB" name="runScenario" description="Runs Cucumber Scenarios" data-provider="scenarios" finished-at="2026-05-07T14:40:50 WIB" duration-ms="3593" status="PASS">
          <params>
            <param index="0">
              <value>
                <![CDATA["Edit Jabatan Kosongkan nama jabatan"]]>
              </value>
            </param>
            <param index="1">
              <value>
                <![CDATA["Manage Jabatan"]]>
              </value>
            </param>
          </params>
          <reporter-output>
          </reporter-output>
        </test-method> <!-- runScenario -->
        <test-method signature="runScenario(io.cucumber.testng.PickleWrapper,io.cucumber.testng.FeatureWrapper)[pri:0, instance:com.project6.TestRunner@4f638935]" started-at="2026-05-07T14:40:50 WIB" name="runScenario" description="Runs Cucumber Scenarios" data-provider="scenarios" finished-at="2026-05-07T14:40:51 WIB" duration-ms="458" status="PASS">
          <params>
            <param index="0">
              <value>
                <![CDATA["Search Jabatan"]]>
              </value>
            </param>
            <param index="1">
              <value>
                <![CDATA["Manage Jabatan"]]>
              </value>
            </param>
          </params>
          <reporter-output>
          </reporter-output>
        </test-method> <!-- runScenario -->
        <test-method signature="runScenario(io.cucumber.testng.PickleWrapper,io.cucumber.testng.FeatureWrapper)[pri:0, instance:com.project6.TestRunner@4f638935]" started-at="2026-05-07T14:40:51 WIB" name="runScenario" description="Runs Cucumber Scenarios" data-provider="scenarios" finished-at="2026-05-07T14:41:06 WIB" duration-ms="15186" status="PASS">
          <params>
            <param index="0">
              <value>
                <![CDATA["Delete Jabatan"]]>
              </value>
            </param>
            <param index="1">
              <value>
                <![CDATA["Manage Jabatan"]]>
              </value>
            </param>
          </params>
          <reporter-output>
          </reporter-output>
        </test-method> <!-- runScenario -->
        <test-method signature="runScenario(io.cucumber.testng.PickleWrapper,io.cucumber.testng.FeatureWrapper)[pri:0, instance:com.project6.TestRunner@4f638935]" started-at="2026-05-07T14:41:06 WIB" name="runScenario" description="Runs Cucumber Scenarios" data-provider="scenarios" finished-at="2026-05-07T14:41:06 WIB" duration-ms="351" status="PASS">
          <params>
            <param index="0">
              <value>
                <![CDATA["Kosongkan nama jabatan"]]>
              </value>
            </param>
            <param index="1">
              <value>
                <![CDATA["Manage Jabatan"]]>
              </value>
            </param>
          </params>
          <reporter-output>
          </reporter-output>
        </test-method> <!-- runScenario -->
        <test-method signature="runScenario(io.cucumber.testng.PickleWrapper,io.cucumber.testng.FeatureWrapper)[pri:0, instance:com.project6.TestRunner@4f638935]" started-at="2026-05-07T14:41:06 WIB" name="runScenario" description="Runs Cucumber Scenarios" data-provider="scenarios" finished-at="2026-05-07T14:41:08 WIB" duration-ms="1957" status="PASS">
          <params>
            <param index="0">
              <value>
                <![CDATA["Reset search"]]>
              </value>
            </param>
            <param index="1">
              <value>
                <![CDATA["Manage Jabatan"]]>
              </value>
            </param>
          </params>
          <reporter-output>
          </reporter-output>
        </test-method> <!-- runScenario -->
        <test-method signature="runScenario(io.cucumber.testng.PickleWrapper,io.cucumber.testng.FeatureWrapper)[pri:0, instance:com.project6.TestRunner@4f638935]" started-at="2026-05-07T14:41:08 WIB" name="runScenario" description="Runs Cucumber Scenarios" data-provider="scenarios" finished-at="2026-05-07T14:41:39 WIB" duration-ms="30454" status="PASS">
          <params>
            <param index="0">
              <value>
                <![CDATA["Add new Divisi"]]>
              </value>
            </param>
            <param index="1">
              <value>
                <![CDATA["Manage Divisi"]]>
              </value>
            </param>
          </params>
          <reporter-output>
          </reporter-output>
        </test-method> <!-- runScenario -->
        <test-method signature="runScenario(io.cucumber.testng.PickleWrapper,io.cucumber.testng.FeatureWrapper)[pri:0, instance:com.project6.TestRunner@4f638935]" started-at="2026-05-07T14:41:39 WIB" name="runScenario" description="Runs Cucumber Scenarios" data-provider="scenarios" finished-at="2026-05-07T14:41:50 WIB" duration-ms="11266" status="PASS">
          <params>
            <param index="0">
              <value>
                <![CDATA["Edit Divisi"]]>
              </value>
            </param>
            <param index="1">
              <value>
                <![CDATA["Manage Divisi"]]>
              </value>
            </param>
          </params>
          <reporter-output>
          </reporter-output>
        </test-method> <!-- runScenario -->
        <test-method signature="runScenario(io.cucumber.testng.PickleWrapper,io.cucumber.testng.FeatureWrapper)[pri:0, instance:com.project6.TestRunner@4f638935]" started-at="2026-05-07T14:41:50 WIB" name="runScenario" description="Runs Cucumber Scenarios" data-provider="scenarios" finished-at="2026-05-07T14:42:02 WIB" duration-ms="11769" status="PASS">
          <params>
            <param index="0">
              <value>
                <![CDATA["Edit Divisi Kosongkan"]]>
              </value>
            </param>
            <param index="1">
              <value>
                <![CDATA["Manage Divisi"]]>
              </value>
            </param>
          </params>
          <reporter-output>
          </reporter-output>
        </test-method> <!-- runScenario -->
        <test-method signature="runScenario(io.cucumber.testng.PickleWrapper,io.cucumber.testng.FeatureWrapper)[pri:0, instance:com.project6.TestRunner@4f638935]" started-at="2026-05-07T14:42:02 WIB" name="runScenario" description="Runs Cucumber Scenarios" data-provider="scenarios" finished-at="2026-05-07T14:42:06 WIB" duration-ms="4231" status="PASS">
          <params>
            <param index="0">
              <value>
                <![CDATA["Delete Divisi"]]>
              </value>
            </param>
            <param index="1">
              <value>
                <![CDATA["Manage Divisi"]]>
              </value>
            </param>
          </params>
          <reporter-output>
          </reporter-output>
        </test-method> <!-- runScenario -->
        <test-method signature="runScenario(io.cucumber.testng.PickleWrapper,io.cucumber.testng.FeatureWrapper)[pri:0, instance:com.project6.TestRunner@4f638935]" started-at="2026-05-07T14:42:06 WIB" name="runScenario" description="Runs Cucumber Scenarios" data-provider="scenarios" finished-at="2026-05-07T14:42:12 WIB" duration-ms="5659" status="PASS">
          <params>
            <param index="0">
              <value>
                <![CDATA["Search Divisi"]]>
              </value>
            </param>
            <param index="1">
              <value>
                <![CDATA["Manage Divisi"]]>
              </value>
            </param>
          </params>
          <reporter-output>
          </reporter-output>
        </test-method> <!-- runScenario -->
        <test-method signature="runScenario(io.cucumber.testng.PickleWrapper,io.cucumber.testng.FeatureWrapper)[pri:0, instance:com.project6.TestRunner@4f638935]" started-at="2026-05-07T14:42:12 WIB" name="runScenario" description="Runs Cucumber Scenarios" data-provider="scenarios" finished-at="2026-05-07T14:42:18 WIB" duration-ms="6042" status="PASS">
          <params>
            <param index="0">
              <value>
                <![CDATA["Reset Search"]]>
              </value>
            </param>
            <param index="1">
              <value>
                <![CDATA["Manage Divisi"]]>
              </value>
            </param>
          </params>
          <reporter-output>
          </reporter-output>
        </test-method> <!-- runScenario -->
        <test-method signature="runScenario(io.cucumber.testng.PickleWrapper,io.cucumber.testng.FeatureWrapper)[pri:0, instance:com.project6.TestRunner@4f638935]" started-at="2026-05-07T14:42:18 WIB" name="runScenario" description="Runs Cucumber Scenarios" data-provider="scenarios" finished-at="2026-05-07T14:42:53 WIB" duration-ms="35518" status="PASS">
          <params>
            <param index="0">
              <value>
                <![CDATA["Add Divisi Kosongkan"]]>
              </value>
            </param>
            <param index="1">
              <value>
                <![CDATA["Manage Divisi"]]>
              </value>
            </param>
          </params>
          <reporter-output>
          </reporter-output>
        </test-method> <!-- runScenario -->
        <test-method signature="runScenario(io.cucumber.testng.PickleWrapper,io.cucumber.testng.FeatureWrapper)[pri:0, instance:com.project6.TestRunner@4f638935]" started-at="2026-05-07T14:42:53 WIB" name="runScenario" description="Runs Cucumber Scenarios" data-provider="scenarios" finished-at="2026-05-07T14:43:14 WIB" duration-ms="20790" status="PASS">
          <params>
            <param index="0">
              <value>
                <![CDATA["Add new Posisi"]]>
              </value>
            </param>
            <param index="1">
              <value>
                <![CDATA["Manage Posisi"]]>
              </value>
            </param>
          </params>
          <reporter-output>
          </reporter-output>
        </test-method> <!-- runScenario -->
        <test-method signature="runScenario(io.cucumber.testng.PickleWrapper,io.cucumber.testng.FeatureWrapper)[pri:0, instance:com.project6.TestRunner@4f638935]" started-at="2026-05-07T14:43:14 WIB" name="runScenario" description="Runs Cucumber Scenarios" data-provider="scenarios" finished-at="2026-05-07T14:43:21 WIB" duration-ms="7117" status="PASS">
          <params>
            <param index="0">
              <value>
                <![CDATA["Search Posisi"]]>
              </value>
            </param>
            <param index="1">
              <value>
                <![CDATA["Manage Posisi"]]>
              </value>
            </param>
          </params>
          <reporter-output>
          </reporter-output>
        </test-method> <!-- runScenario -->
        <test-method signature="runScenario(io.cucumber.testng.PickleWrapper,io.cucumber.testng.FeatureWrapper)[pri:0, instance:com.project6.TestRunner@4f638935]" started-at="2026-05-07T14:43:21 WIB" name="runScenario" description="Runs Cucumber Scenarios" data-provider="scenarios" finished-at="2026-05-07T14:43:27 WIB" duration-ms="5839" status="PASS">
          <params>
            <param index="0">
              <value>
                <![CDATA["Reset Search Posisi"]]>
              </value>
            </param>
            <param index="1">
              <value>
                <![CDATA["Manage Posisi"]]>
              </value>
            </param>
          </params>
          <reporter-output>
          </reporter-output>
        </test-method> <!-- runScenario -->
        <test-method signature="runScenario(io.cucumber.testng.PickleWrapper,io.cucumber.testng.FeatureWrapper)[pri:0, instance:com.project6.TestRunner@4f638935]" started-at="2026-05-07T14:43:27 WIB" name="runScenario" description="Runs Cucumber Scenarios" data-provider="scenarios" finished-at="2026-05-07T14:43:43 WIB" duration-ms="16412" status="PASS">
          <params>
            <param index="0">
              <value>
                <![CDATA["Edit Posisi"]]>
              </value>
            </param>
            <param index="1">
              <value>
                <![CDATA["Manage Posisi"]]>
              </value>
            </param>
          </params>
          <reporter-output>
          </reporter-output>
        </test-method> <!-- runScenario -->
        <test-method signature="runScenario(io.cucumber.testng.PickleWrapper,io.cucumber.testng.FeatureWrapper)[pri:0, instance:com.project6.TestRunner@4f638935]" started-at="2026-05-07T14:43:43 WIB" name="runScenario" description="Runs Cucumber Scenarios" data-provider="scenarios" finished-at="2026-05-07T14:44:05 WIB" duration-ms="21823" status="PASS">
          <params>
            <param index="0">
              <value>
                <![CDATA["Edit Posisi Kosongkan"]]>
              </value>
            </param>
            <param index="1">
              <value>
                <![CDATA["Manage Posisi"]]>
              </value>
            </param>
          </params>
          <reporter-output>
          </reporter-output>
        </test-method> <!-- runScenario -->
        <test-method signature="runScenario(io.cucumber.testng.PickleWrapper,io.cucumber.testng.FeatureWrapper)[pri:0, instance:com.project6.TestRunner@4f638935]" started-at="2026-05-07T14:44:05 WIB" name="runScenario" description="Runs Cucumber Scenarios" data-provider="scenarios" finished-at="2026-05-07T14:44:20 WIB" duration-ms="14378" status="PASS">
          <params>
            <param index="0">
              <value>
                <![CDATA["Delete Posisi"]]>
              </value>
            </param>
            <param index="1">
              <value>
                <![CDATA["Manage Posisi"]]>
              </value>
            </param>
          </params>
          <reporter-output>
          </reporter-output>
        </test-method> <!-- runScenario -->
        <test-method signature="runScenario(io.cucumber.testng.PickleWrapper,io.cucumber.testng.FeatureWrapper)[pri:0, instance:com.project6.TestRunner@4f638935]" started-at="2026-05-07T14:44:20 WIB" name="runScenario" description="Runs Cucumber Scenarios" data-provider="scenarios" finished-at="2026-05-07T14:44:36 WIB" duration-ms="15984" status="PASS">
          <params>
            <param index="0">
              <value>
                <![CDATA["Add Kosongkan Nama"]]>
              </value>
            </param>
            <param index="1">
              <value>
                <![CDATA["Manage Posisi"]]>
              </value>
            </param>
          </params>
          <reporter-output>
          </reporter-output>
        </test-method> <!-- runScenario -->
        <test-method signature="runScenario(io.cucumber.testng.PickleWrapper,io.cucumber.testng.FeatureWrapper)[pri:0, instance:com.project6.TestRunner@4f638935]" started-at="2026-05-07T14:44:36 WIB" name="runScenario" description="Runs Cucumber Scenarios" data-provider="scenarios" finished-at="2026-05-07T14:44:47 WIB" duration-ms="11416" status="PASS">
          <params>
            <param index="0">
              <value>
                <![CDATA["Add new Unit Setting"]]>
              </value>
            </param>
            <param index="1">
              <value>
                <![CDATA["Manage Unit Setting"]]>
              </value>
            </param>
          </params>
          <reporter-output>
          </reporter-output>
        </test-method> <!-- runScenario -->
        <test-method signature="runScenario(io.cucumber.testng.PickleWrapper,io.cucumber.testng.FeatureWrapper)[pri:0, instance:com.project6.TestRunner@4f638935]" started-at="2026-05-07T14:44:47 WIB" name="runScenario" description="Runs Cucumber Scenarios" data-provider="scenarios" finished-at="2026-05-07T14:44:58 WIB" duration-ms="11255" status="PASS">
          <params>
            <param index="0">
              <value>
                <![CDATA["Add new Unit Setting Negative"]]>
              </value>
            </param>
            <param index="1">
              <value>
                <![CDATA["Manage Unit Setting"]]>
              </value>
            </param>
          </params>
          <reporter-output>
          </reporter-output>
        </test-method> <!-- runScenario -->
        <test-method signature="runScenario(io.cucumber.testng.PickleWrapper,io.cucumber.testng.FeatureWrapper)[pri:0, instance:com.project6.TestRunner@4f638935]" started-at="2026-05-07T14:44:58 WIB" name="runScenario" description="Runs Cucumber Scenarios" data-provider="scenarios" finished-at="2026-05-07T14:45:10 WIB" duration-ms="11263" status="PASS">
          <params>
            <param index="0">
              <value>
                <![CDATA["Delete Unit Setting"]]>
              </value>
            </param>
            <param index="1">
              <value>
                <![CDATA["Manage Unit Setting"]]>
              </value>
            </param>
          </params>
          <reporter-output>
          </reporter-output>
        </test-method> <!-- runScenario -->
        <test-method signature="runScenario(io.cucumber.testng.PickleWrapper,io.cucumber.testng.FeatureWrapper)[pri:0, instance:com.project6.TestRunner@4f638935]" started-at="2026-05-07T14:45:10 WIB" name="runScenario" description="Runs Cucumber Scenarios" data-provider="scenarios" finished-at="2026-05-07T14:45:18 WIB" duration-ms="8150" status="PASS">
          <params>
            <param index="0">
              <value>
                <![CDATA["Click Selfie"]]>
              </value>
            </param>
            <param index="1">
              <value>
                <![CDATA["Manage Unit Setting"]]>
              </value>
            </param>
          </params>
          <reporter-output>
          </reporter-output>
        </test-method> <!-- runScenario -->
        <test-method signature="runScenario(io.cucumber.testng.PickleWrapper,io.cucumber.testng.FeatureWrapper)[pri:0, instance:com.project6.TestRunner@4f638935]" started-at="2026-05-07T14:45:18 WIB" name="runScenario" description="Runs Cucumber Scenarios" data-provider="scenarios" finished-at="2026-05-07T14:45:21 WIB" duration-ms="3212" status="PASS">
          <params>
            <param index="0">
              <value>
                <![CDATA["User successfully add new absen point"]]>
              </value>
            </param>
            <param index="1">
              <value>
                <![CDATA["Add Absen Point"]]>
              </value>
            </param>
          </params>
          <reporter-output>
          </reporter-output>
        </test-method> <!-- runScenario -->
        <test-method signature="runScenario(io.cucumber.testng.PickleWrapper,io.cucumber.testng.FeatureWrapper)[pri:0, instance:com.project6.TestRunner@4f638935]" started-at="2026-05-07T14:45:21 WIB" name="runScenario" description="Runs Cucumber Scenarios" data-provider="scenarios" finished-at="2026-05-07T14:45:23 WIB" duration-ms="1832" status="PASS">
          <params>
            <param index="0">
              <value>
                <![CDATA["User successfully add a new unit with name only"]]>
              </value>
            </param>
            <param index="1">
              <value>
                <![CDATA["Management Unit Functionality"]]>
              </value>
            </param>
          </params>
          <reporter-output>
          </reporter-output>
        </test-method> <!-- runScenario -->
        <test-method signature="runScenario(io.cucumber.testng.PickleWrapper,io.cucumber.testng.FeatureWrapper)[pri:0, instance:com.project6.TestRunner@4f638935]" started-at="2026-05-07T14:45:23 WIB" name="runScenario" description="Runs Cucumber Scenarios" data-provider="scenarios" finished-at="2026-05-07T14:45:26 WIB" duration-ms="3027" status="PASS">
          <params>
            <param index="0">
              <value>
                <![CDATA["Failed edit user"]]>
              </value>
            </param>
            <param index="1">
              <value>
                <![CDATA["EditUser"]]>
              </value>
            </param>
          </params>
          <reporter-output>
          </reporter-output>
        </test-method> <!-- runScenario -->
        <test-method signature="runScenario(io.cucumber.testng.PickleWrapper,io.cucumber.testng.FeatureWrapper)[pri:0, instance:com.project6.TestRunner@4f638935]" started-at="2026-05-07T14:45:26 WIB" name="runScenario" description="Runs Cucumber Scenarios" data-provider="scenarios" finished-at="2026-05-07T14:45:28 WIB" duration-ms="2544" status="PASS">
          <params>
            <param index="0">
              <value>
                <![CDATA["Empty Absen Point"]]>
              </value>
            </param>
            <param index="1">
              <value>
                <![CDATA["Add Absen Point"]]>
              </value>
            </param>
          </params>
          <reporter-output>
          </reporter-output>
        </test-method> <!-- runScenario -->
        <test-method signature="runScenario(io.cucumber.testng.PickleWrapper,io.cucumber.testng.FeatureWrapper)[pri:0, instance:com.project6.TestRunner@4f638935]" started-at="2026-05-07T14:45:28 WIB" name="runScenario" description="Runs Cucumber Scenarios" data-provider="scenarios" finished-at="2026-05-07T14:45:30 WIB" duration-ms="1738" status="PASS">
          <params>
            <param index="0">
              <value>
                <![CDATA["User cancel adding a new unit"]]>
              </value>
            </param>
            <param index="1">
              <value>
                <![CDATA["Empty data unit"]]>
              </value>
            </param>
          </params>
          <reporter-output>
          </reporter-output>
        </test-method> <!-- runScenario -->
        <test-method signature="runScenario(io.cucumber.testng.PickleWrapper,io.cucumber.testng.FeatureWrapper)[pri:0, instance:com.project6.TestRunner@4f638935]" started-at="2026-05-07T14:45:30 WIB" name="runScenario" description="Runs Cucumber Scenarios" data-provider="scenarios" finished-at="2026-05-07T14:45:32 WIB" duration-ms="2226" status="PASS">
          <params>
            <param index="0">
              <value>
                <![CDATA["Membatalkan filter pada halaman management user"]]>
              </value>
            </param>
            <param index="1">
              <value>
                <![CDATA["Management User Filter"]]>
              </value>
            </param>
          </params>
          <reporter-output>
          </reporter-output>
        </test-method> <!-- runScenario -->
        <test-method signature="runScenario(io.cucumber.testng.PickleWrapper,io.cucumber.testng.FeatureWrapper)[pri:0, instance:com.project6.TestRunner@4f638935]" started-at="2026-05-07T14:45:32 WIB" name="runScenario" description="Runs Cucumber Scenarios" data-provider="scenarios" finished-at="2026-05-07T14:45:34 WIB" duration-ms="1519" status="PASS">
          <params>
            <param index="0">
              <value>
                <![CDATA["User reset search filter in unit page"]]>
              </value>
            </param>
            <param index="1">
              <value>
                <![CDATA["Reset Unit"]]>
              </value>
            </param>
          </params>
          <reporter-output>
          </reporter-output>
        </test-method> <!-- runScenario -->
        <test-method signature="runScenario(io.cucumber.testng.PickleWrapper,io.cucumber.testng.FeatureWrapper)[pri:0, instance:com.project6.TestRunner@4f638935]" started-at="2026-05-07T14:45:34 WIB" name="runScenario" description="Runs Cucumber Scenarios" data-provider="scenarios" finished-at="2026-05-07T14:45:37 WIB" duration-ms="3697" status="PASS">
          <params>
            <param index="0">
              <value>
                <![CDATA["reset Button User"]]>
              </value>
            </param>
            <param index="1">
              <value>
                <![CDATA["Reset button"]]>
              </value>
            </param>
          </params>
          <reporter-output>
          </reporter-output>
        </test-method> <!-- runScenario -->
        <test-method signature="runScenario(io.cucumber.testng.PickleWrapper,io.cucumber.testng.FeatureWrapper)[pri:0, instance:com.project6.TestRunner@4f638935]" started-at="2026-05-07T14:45:37 WIB" name="runScenario" description="Runs Cucumber Scenarios" data-provider="scenarios" finished-at="2026-05-07T14:45:43 WIB" duration-ms="5282" status="PASS">
          <params>
            <param index="0">
              <value>
                <![CDATA["Reset field name Absen Point"]]>
              </value>
            </param>
            <param index="1">
              <value>
                <![CDATA["Search name Absen Point"]]>
              </value>
            </param>
          </params>
          <reporter-output>
          </reporter-output>
        </test-method> <!-- runScenario -->
        <test-method signature="runScenario(io.cucumber.testng.PickleWrapper,io.cucumber.testng.FeatureWrapper)[pri:0, instance:com.project6.TestRunner@4f638935]" started-at="2026-05-07T14:45:43 WIB" name="runScenario" description="Runs Cucumber Scenarios" data-provider="scenarios" finished-at="2026-05-07T14:45:47 WIB" duration-ms="3934" status="PASS">
          <params>
            <param index="0">
              <value>
                <![CDATA["reset User Monitoring"]]>
              </value>
            </param>
            <param index="1">
              <value>
                <![CDATA["Search name User"]]>
              </value>
            </param>
          </params>
          <reporter-output>
          </reporter-output>
        </test-method> <!-- runScenario -->
        <test-method signature="runScenario(io.cucumber.testng.PickleWrapper,io.cucumber.testng.FeatureWrapper)[pri:0, instance:com.project6.TestRunner@4f638935]" started-at="2026-05-07T14:45:47 WIB" name="runScenario" description="Runs Cucumber Scenarios" data-provider="scenarios" finished-at="2026-05-07T14:45:51 WIB" duration-ms="3878" status="PASS">
          <params>
            <param index="0">
              <value>
                <![CDATA["Search name Absen Point"]]>
              </value>
            </param>
            <param index="1">
              <value>
                <![CDATA["Search name Absen Point"]]>
              </value>
            </param>
          </params>
          <reporter-output>
          </reporter-output>
        </test-method> <!-- runScenario -->
        <test-method signature="runScenario(io.cucumber.testng.PickleWrapper,io.cucumber.testng.FeatureWrapper)[pri:0, instance:com.project6.TestRunner@4f638935]" started-at="2026-05-07T14:45:51 WIB" name="runScenario" description="Runs Cucumber Scenarios" data-provider="scenarios" finished-at="2026-05-07T14:45:55 WIB" duration-ms="4144" status="PASS">
          <params>
            <param index="0">
              <value>
                <![CDATA["Search name user monitoring by name"]]>
              </value>
            </param>
            <param index="1">
              <value>
                <![CDATA["Search name User monitoring"]]>
              </value>
            </param>
          </params>
          <reporter-output>
          </reporter-output>
        </test-method> <!-- runScenario -->
        <test-method signature="runScenario(io.cucumber.testng.PickleWrapper,io.cucumber.testng.FeatureWrapper)[pri:0, instance:com.project6.TestRunner@4f638935]" started-at="2026-05-07T14:45:55 WIB" name="runScenario" description="Runs Cucumber Scenarios" data-provider="scenarios" finished-at="2026-05-07T14:45:57 WIB" duration-ms="2047" status="PASS">
          <params>
            <param index="0">
              <value>
                <![CDATA["User search for a specific unit name"]]>
              </value>
            </param>
            <param index="1">
              <value>
                <![CDATA["Management Unit Functionality"]]>
              </value>
            </param>
          </params>
          <reporter-output>
          </reporter-output>
        </test-method> <!-- runScenario -->
        <test-method signature="runScenario(io.cucumber.testng.PickleWrapper,io.cucumber.testng.FeatureWrapper)[pri:0, instance:com.project6.TestRunner@4f638935]" started-at="2026-05-07T14:45:57 WIB" name="runScenario" description="Runs Cucumber Scenarios" data-provider="scenarios" finished-at="2026-05-07T14:46:00 WIB" duration-ms="3502" status="PASS">
          <params>
            <param index="0">
              <value>
                <![CDATA["Search user by name"]]>
              </value>
            </param>
            <param index="1">
              <value>
                <![CDATA["Search name User"]]>
              </value>
            </param>
          </params>
          <reporter-output>
          </reporter-output>
        </test-method> <!-- runScenario -->
        <test-method signature="runScenario(io.cucumber.testng.PickleWrapper,io.cucumber.testng.FeatureWrapper)[pri:0, instance:com.project6.TestRunner@4f638935]" started-at="2026-05-07T14:46:00 WIB" name="runScenario" description="Runs Cucumber Scenarios" data-provider="scenarios" finished-at="2026-05-07T14:46:01 WIB" duration-ms="1213" status="PASS">
          <params>
            <param index="0">
              <value>
                <![CDATA["Export data user"]]>
              </value>
            </param>
            <param index="1">
              <value>
                <![CDATA["User"]]>
              </value>
            </param>
          </params>
          <reporter-output>
          </reporter-output>
        </test-method> <!-- runScenario -->
        <test-method signature="runScenario(io.cucumber.testng.PickleWrapper,io.cucumber.testng.FeatureWrapper)[pri:0, instance:com.project6.TestRunner@4f638935]" started-at="2026-05-07T14:46:01 WIB" name="runScenario" description="Runs Cucumber Scenarios" data-provider="scenarios" finished-at="2026-05-07T14:46:05 WIB" duration-ms="3686" status="PASS">
          <params>
            <param index="0">
              <value>
                <![CDATA["Menambahkan user baru dengan data valid"]]>
              </value>
            </param>
            <param index="1">
              <value>
                <![CDATA["User Monitoring"]]>
              </value>
            </param>
          </params>
          <reporter-output>
          </reporter-output>
        </test-method> <!-- runScenario -->
        <test-method is-config="true" signature="tearDownClass()[pri:0, instance:com.project6.TestRunner@4f638935]" started-at="2026-05-07T14:46:05 WIB" name="tearDownClass" finished-at="2026-05-07T14:46:05 WIB" duration-ms="346" status="PASS">
          <reporter-output>
          </reporter-output>
        </test-method> <!-- tearDownClass -->
      </class> <!-- com.project6.TestRunner -->
    </test> <!-- Surefire test -->
  </suite> <!-- Surefire suite -->
</testng-results>
