<?xml version="1.0" encoding="UTF-8"?>
<!-- Generated by org.testng.reporters.JUnitReportReporter -->
<testsuite hostname="asus" failures="0" tests="41" name="com.project6.TestRunner" time="324.014" errors="0" timestamp="2026-05-07T14:46:06 WIB" skipped="0">
  <testcase classname="com.project6.TestRunner" name="runScenario" time="3.502"/>
  <testcase classname="com.project6.TestRunner" name="runScenario" time="11.255"/>
  <testcase classname="com.project6.TestRunner" name="runScenario" time="8.150"/>
  <testcase classname="com.project6.TestRunner" name="runScenario" time="3.593"/>
  <testcase classname="com.project6.TestRunner" name="runScenario" time="30.454"/>
  <testcase classname="com.project6.TestRunner" name="runScenario" time="4.144"/>
  <testcase classname="com.project6.TestRunner" name="runScenario" time="11.769"/>
  <testcase classname="com.project6.TestRunner" name="runScenario" time="3.212"/>
  <testcase classname="com.project6.TestRunner" name="runScenario" time="3.934"/>
  <testcase classname="com.project6.TestRunner" name="runScenario" time="2.226"/>
  <testcase classname="com.project6.TestRunner" name="runScenario" time="11.266"/>
  <testcase classname="com.project6.TestRunner" name="runScenario" time="5.282"/>
  <testcase classname="com.project6.TestRunner" name="runScenario" time="0.458"/>
  <testcase classname="com.project6.TestRunner" name="runScenario" time="1.519"/>
  <testcase classname="com.project6.TestRunner" name="runScenario" time="2.047"/>
  <testcase classname="com.project6.TestRunner" name="runScenario" time="3.697"/>
  <testcase classname="com.project6.TestRunner" name="runScenario" time="2.544"/>
  <testcase classname="com.project6.TestRunner" name="runScenario" time="1.213"/>
  <testcase classname="com.project6.TestRunner" name="runScenario" time="35.518"/>
  <testcase classname="com.project6.TestRunner" name="runScenario" time="11.416"/>
  <testcase classname="com.project6.TestRunner" name="runScenario" time="3.686"/>
  <testcase classname="com.project6.TestRunner" name="runScenario" time="3.878"/>
  <testcase classname="com.project6.TestRunner" name="runScenario" time="14.378"/>
  <testcase classname="com.project6.TestRunner" name="runScenario" time="5.839"/>
  <testcase classname="com.project6.TestRunner" name="runScenario" time="16.412"/>
  <testcase classname="com.project6.TestRunner" name="runScenario" time="4.231"/>
  <testcase classname="com.project6.TestRunner" name="runScenario" time="1.957"/>
  <testcase classname="com.project6.TestRunner" name="runScenario" time="1.869"/>
  <testcase classname="com.project6.TestRunner" name="runScenario" time="20.790"/>
  <testcase classname="com.project6.TestRunner" name="runScenario" time="1.738"/>
  <testcase classname="com.project6.TestRunner" name="runScenario" time="15.984"/>
  <testcase classname="com.project6.TestRunner" name="runScenario" time="1.832"/>
  <testcase classname="com.project6.TestRunner" name="runScenario" time="5.659"/>
  <testcase classname="com.project6.TestRunner" name="runScenario" time="6.042"/>
  <testcase classname="com.project6.TestRunner" name="runScenario" time="11.263"/>
  <testcase classname="com.project6.TestRunner" name="runScenario" time="3.027"/>
  <testcase classname="com.project6.TestRunner" name="runScenario" time="15.186"/>
  <testcase classname="com.project6.TestRunner" name="runScenario" time="3.753"/>
  <testcase classname="com.project6.TestRunner" name="runScenario" time="7.117"/>
  <testcase classname="com.project6.TestRunner" name="runScenario" time="0.351"/>
  <testcase classname="com.project6.TestRunner" name="runScenario" time="21.823"/>
</testsuite> <!-- com.project6.TestRunner -->
